[INFO] 2025-11-23 21:10:20 autoreload 18413 140045579538688 - Watching for file changes with StatReloader
[INFO] 2025-11-23 21:11:49 autoreload 18413 140045579538688 - /home/nethunter/Desktop/mahudgrp/config/config/settings.py changed, reloading.
[INFO] 2025-11-23 21:11:49 autoreload 18467 140638977949952 - Watching for file changes with StatReloader
[INFO] 2025-11-23 21:17:48 autoreload 18969 140562823393536 - Watching for file changes with StatReloader
[INFO] 2025-11-23 21:19:03 autoreload 19043 140100563202304 - Watching for file changes with StatReloader
[INFO] 2025-11-23 22:09:40 autoreload 21391 139767920550144 - Watching for file changes with StatReloader
[INFO] 2025-11-23 22:09:49 autoreload 21434 139799844036864 - Watching for file changes with StatReloader
[INFO] 2025-11-23 22:09:54 basehttp 21434 139799744739008 - "GET / HTTP/1.1" 200 405
[WARNING] 2025-11-23 22:09:54 basehttp 21434 139799744739008 - "GET /favicon.ico HTTP/1.1" 404 3011
[WARNING] 2025-11-23 22:10:40 basehttp 21434 139799744739008 - "GET /api/auth/login/ HTTP/1.1" 405 5869
[INFO] 2025-11-23 22:10:40 basehttp 21434 139799726905024 - "GET /static/rest_framework/css/prettify.css HTTP/1.1" 200 817
[INFO] 2025-11-23 22:10:40 basehttp 21434 139799736346304 - "GET /static/rest_framework/css/bootstrap-tweaks.css HTTP/1.1" 200 3385
[INFO] 2025-11-23 22:10:40 basehttp 21434 139799718512320 - "GET /static/rest_framework/css/default.css HTTP/1.1" 200 1152
[INFO] 2025-11-23 22:10:40 basehttp 21434 139799365150400 - "GET /static/rest_framework/js/ajax-form.js HTTP/1.1" 200 3597
[INFO] 2025-11-23 22:10:40 basehttp 21434 139799373543104 - "GET /static/rest_framework/js/jquery-3.5.1.min.js HTTP/1.1" 200 89476
[INFO] 2025-11-23 22:10:40 basehttp 21434 139799744739008 - "GET /static/rest_framework/css/bootstrap.min.css HTTP/1.1" 200 121457
[INFO] 2025-11-23 22:10:40 basehttp 21434 139799736346304 - "GET /static/rest_framework/js/csrf.js HTTP/1.1" 200 1719
[INFO] 2025-11-23 22:10:40 basehttp 21434 139799726905024 - "GET /static/rest_framework/js/bootstrap.min.js HTTP/1.1" 200 39680
[INFO] 2025-11-23 22:10:40 basehttp 21434 139799718512320 - "GET /static/rest_framework/js/prettify-min.js HTTP/1.1" 200 13632
[INFO] 2025-11-23 22:10:40 basehttp 21434 139799365150400 - "GET /static/rest_framework/js/default.js HTTP/1.1" 200 1268
[INFO] 2025-11-23 22:10:41 basehttp 21434 139799736346304 - "GET /static/rest_framework/img/grid.png HTTP/1.1" 200 1458
[INFO] 2025-11-23 22:11:08 basehttp 21434 139799736346304 - "OPTIONS /api/auth/login/ HTTP/1.1" 200 6386
[INFO] 2025-11-23 22:11:43 autoreload 21709 139920273608960 - Watching for file changes with StatReloader
[WARNING] 2025-11-23 22:12:59 basehttp 21709 139920102389440 - "GET /api/auth/login/ HTTP/1.1" 405 5869
[WARNING] 2025-11-23 22:13:04 basehttp 21709 139920102389440 - "GET /api/auth/login/ HTTP/1.1" 405 5869
[WARNING] 2025-11-23 22:13:12 basehttp 21709 139920102389440 - "GET /api/auth/register/ HTTP/1.1" 405 6204
[WARNING] 2025-11-23 22:14:16 basehttp 21709 139920102389440 - "POST /api/auth/register/ HTTP/1.1" 400 6703
[INFO] 2025-11-23 22:25:36 autoreload 22325 140449490346240 - Watching for file changes with StatReloader
[WARNING] 2025-11-23 22:26:19 basehttp 22325 140449322890944 - "GET /api/auth/register/ HTTP/1.1" 405 6204
[INFO] 2025-11-23 22:26:19 basehttp 22325 140449322890944 - "GET /static/rest_framework/css/bootstrap.min.css HTTP/1.1" 304 0
[INFO] 2025-11-23 22:26:19 basehttp 22325 140449322890944 - "GET /static/rest_framework/css/bootstrap-tweaks.css HTTP/1.1" 304 0
[INFO] 2025-11-23 22:26:19 basehttp 22325 140449306105536 - "GET /static/rest_framework/css/default.css HTTP/1.1" 304 0
[INFO] 2025-11-23 22:26:19 basehttp 22325 140449306105536 - "GET /static/rest_framework/js/bootstrap.min.js HTTP/1.1" 304 0
[INFO] 2025-11-23 22:26:19 basehttp 22325 140449297712832 - "GET /static/rest_framework/js/jquery-3.5.1.min.js HTTP/1.1" 304 0
[INFO] 2025-11-23 22:26:19 basehttp 22325 140449314498240 - "GET /static/rest_framework/css/prettify.css HTTP/1.1" 304 0
[INFO] 2025-11-23 22:26:19 basehttp 22325 140449297712832 - "GET /static/rest_framework/js/default.js HTTP/1.1" 304 0
[INFO] 2025-11-23 22:26:19 basehttp 22325 140449280927424 - "GET /static/rest_framework/js/csrf.js HTTP/1.1" 304 0
[INFO] 2025-11-23 22:26:19 basehttp 22325 140449289320128 - "GET /static/rest_framework/js/ajax-form.js HTTP/1.1" 304 0
[INFO] 2025-11-23 22:26:19 basehttp 22325 140449314498240 - "GET /static/rest_framework/js/prettify-min.js HTTP/1.1" 304 0
[INFO] 2025-11-23 22:26:19 basehttp 22325 140449297712832 - "GET /static/rest_framework/img/grid.png HTTP/1.1" 304 0
[WARNING] 2025-11-23 22:26:29 basehttp 22325 140449297712832 - "POST /api/auth/register/ HTTP/1.1" 400 6434
[INFO] 2025-11-23 22:31:45 autoreload 23151 140380048716032 - Watching for file changes with StatReloader
[WARNING] 2025-11-23 22:31:53 basehttp 23151 140379950151360 - "GET /api/auth/register/ HTTP/1.1" 405 6204
[WARNING] 2025-11-23 22:32:03 basehttp 23151 140379950151360 - "GET /api/auth/login/ HTTP/1.1" 405 5869
[WARNING] 2025-11-23 22:33:02 basehttp 23151 140379950151360 - "POST /api/auth/login/ HTTP/1.1" 401 5689
[INFO] 2025-11-23 22:33:34 basehttp 23151 140379950151360 - "POST /api/auth/login/ HTTP/1.1" 200 7282
[INFO] 2025-11-23 22:40:07 basehttp 23151 140379950151360 - "GET /admin HTTP/1.1" 301 0
[INFO] 2025-11-23 22:40:08 basehttp 23151 140379941758656 - "GET /admin/ HTTP/1.1" 302 0
[INFO] 2025-11-23 22:40:08 basehttp 23151 140379941758656 - "GET /admin/login/?next=/admin/ HTTP/1.1" 200 4184
[INFO] 2025-11-23 22:40:08 basehttp 23151 140379941758656 - "GET /static/admin/css/base.css HTTP/1.1" 200 22120
[INFO] 2025-11-23 22:40:08 basehttp 23151 140379720509120 - "GET /static/admin/css/nav_sidebar.css HTTP/1.1" 200 2810
[INFO] 2025-11-23 22:40:08 basehttp 23151 140379728901824 - "GET /static/admin/js/theme.js HTTP/1.1" 200 1653
[INFO] 2025-11-23 22:40:08 basehttp 23151 140379712116416 - "GET /static/admin/css/login.css HTTP/1.1" 200 951
[INFO] 2025-11-23 22:40:08 basehttp 23151 140379950151360 - "GET /static/admin/css/dark_mode.css HTTP/1.1" 200 2808
[INFO] 2025-11-23 22:40:08 basehttp 23151 140379703723712 - "GET /static/admin/css/responsive.css HTTP/1.1" 200 16565
[INFO] 2025-11-23 22:40:08 basehttp 23151 140379703723712 - "GET /static/admin/js/nav_sidebar.js HTTP/1.1" 200 3063
[INFO] 2025-11-23 22:40:31 basehttp 23151 140379703723712 - "POST /admin/login/?next=/admin/ HTTP/1.1" 302 0
[INFO] 2025-11-23 22:40:31 basehttp 23151 140379703723712 - "GET /admin/ HTTP/1.1" 200 19019
[INFO] 2025-11-23 22:40:31 basehttp 23151 140379703723712 - "GET /static/admin/css/dashboard.css HTTP/1.1" 200 441
[INFO] 2025-11-23 22:40:31 basehttp 23151 140379703723712 - "GET /static/admin/img/icon-addlink.svg HTTP/1.1" 200 331
[INFO] 2025-11-23 22:40:31 basehttp 23151 140379728901824 - "GET /static/admin/img/icon-viewlink.svg HTTP/1.1" 200 581
[INFO] 2025-11-23 22:40:31 basehttp 23151 140379712116416 - "GET /static/admin/img/icon-changelink.svg HTTP/1.1" 200 380
[INFO] 2025-11-23 22:40:48 basehttp 23151 140379712116416 - "GET /admin/core/company/ HTTP/1.1" 200 25522
[INFO] 2025-11-23 22:40:49 basehttp 23151 140379712116416 - "GET /static/admin/css/changelists.css HTTP/1.1" 200 6878
[INFO] 2025-11-23 22:40:49 basehttp 23151 140379703723712 - "GET /static/admin/js/vendor/jquery/jquery.js HTTP/1.1" 200 285314
[INFO] 2025-11-23 22:40:49 basehttp 23151 140379950151360 - "GET /static/admin/js/jquery.init.js HTTP/1.1" 200 347
[INFO] 2025-11-23 22:40:49 basehttp 23151 140379941758656 - "GET /static/admin/js/admin/RelatedObjectLookups.js HTTP/1.1" 200 9777
[INFO] 2025-11-23 22:40:49 basehttp 23151 140379720509120 - "GET /static/admin/js/core.js HTTP/1.1" 200 6208
[INFO] 2025-11-23 22:40:49 basehttp 23151 140379712116416 - "GET /static/admin/js/actions.js HTTP/1.1" 200 8076
[INFO] 2025-11-23 22:40:49 basehttp 23151 140379728901824 - "GET /admin/jsi18n/ HTTP/1.1" 200 3342
[INFO] 2025-11-23 22:40:49 basehttp 23151 140379703723712 - "GET /static/admin/js/urlify.js HTTP/1.1" 200 7887
[INFO] 2025-11-23 22:40:49 basehttp 23151 140379728901824 - "GET /static/admin/js/vendor/xregexp/xregexp.js HTTP/1.1" 200 325171
[INFO] 2025-11-23 22:40:49 basehttp 23151 140379950151360 - "GET /static/admin/js/prepopulate.js HTTP/1.1" 200 1531
[INFO] 2025-11-23 22:40:49 basehttp 23151 140379941758656 - "GET /static/admin/img/search.svg HTTP/1.1" 200 458
[INFO] 2025-11-23 22:40:49 basehttp 23151 140379720509120 - "GET /static/admin/img/icon-yes.svg HTTP/1.1" 200 436
[INFO] 2025-11-23 22:40:49 basehttp 23151 140379950151360 - "GET /static/admin/js/filters.js HTTP/1.1" 200 978
[INFO] 2025-11-23 22:40:49 basehttp 23151 140379720509120 - "GET /static/admin/img/tooltag-add.svg HTTP/1.1" 200 331
[INFO] 2025-11-23 22:40:49 basehttp 23151 140379720509120 - "GET /static/admin/img/sorting-icons.svg HTTP/1.1" 200 1097
[INFO] 2025-11-23 22:40:58 basehttp 23151 140379720509120 - "GET /admin/core/company/1baeeecf-52cc-4578-938f-ad2fe133245d/change/ HTTP/1.1" 200 58282
[INFO] 2025-11-23 22:40:59 basehttp 23151 140379720509120 - "GET /static/admin/css/forms.css HTTP/1.1" 200 8525
[INFO] 2025-11-23 22:40:59 basehttp 23151 140379703723712 - "GET /static/admin/js/prepopulate_init.js HTTP/1.1" 200 586
[INFO] 2025-11-23 22:40:59 basehttp 23151 140379728901824 - "GET /static/admin/js/inlines.js HTTP/1.1" 200 15628
[INFO] 2025-11-23 22:40:59 basehttp 23151 140379950151360 - "GET /admin/jsi18n/ HTTP/1.1" 200 3342
[INFO] 2025-11-23 22:40:59 basehttp 23151 140379728901824 - "GET /static/admin/css/widgets.css HTTP/1.1" 200 11973
[INFO] 2025-11-23 22:40:59 basehttp 23151 140379950151360 - "GET /static/admin/img/icon-unknown.svg HTTP/1.1" 200 655
[INFO] 2025-11-23 22:40:59 basehttp 23151 140379950151360 - "GET /static/admin/js/change_form.js HTTP/1.1" 200 606
[INFO] 2025-11-23 22:41:45 basehttp 23151 140379950151360 - "GET /admin/authentications/user/ HTTP/1.1" 200 23878
[INFO] 2025-11-23 22:41:45 basehttp 23151 140379950151360 - "GET /admin/jsi18n/ HTTP/1.1" 200 3342
[INFO] 2025-11-23 22:41:45 basehttp 23151 140379950151360 - "GET /static/admin/img/icon-no.svg HTTP/1.1" 200 560
[INFO] 2025-11-24 07:45:03 autoreload 2730 140609501700352 - Watching for file changes with StatReloader
[INFO] 2025-11-24 07:45:13 basehttp 2730 140609400600256 - "GET / HTTP/1.1" 200 405
[WARNING] 2025-11-24 07:45:15 basehttp 2730 140609400600256 - "GET /favicon.ico HTTP/1.1" 404 3011
[WARNING] 2025-11-24 07:45:39 basehttp 2730 140609400600256 - "GET /api/auth/login/ HTTP/1.1" 405 5869
[INFO] 2025-11-24 07:45:39 basehttp 2730 140609151026880 - "GET /static/rest_framework/js/csrf.js HTTP/1.1" 200 1719
[INFO] 2025-11-24 07:45:40 basehttp 2730 140609400600256 - "GET /static/rest_framework/js/jquery-3.5.1.min.js HTTP/1.1" 200 89476
[INFO] 2025-11-24 07:45:40 basehttp 2730 140609392207552 - "GET /static/rest_framework/css/bootstrap.min.css HTTP/1.1" 200 121457
[INFO] 2025-11-24 07:45:40 basehttp 2730 140609167812288 - "GET /static/rest_framework/css/prettify.css HTTP/1.1" 200 817
[INFO] 2025-11-24 07:45:40 basehttp 2730 140609159419584 - "GET /static/rest_framework/css/default.css HTTP/1.1" 200 1152
[INFO] 2025-11-24 07:45:40 basehttp 2730 140609176204992 - "GET /static/rest_framework/css/bootstrap-tweaks.css HTTP/1.1" 200 3385
[INFO] 2025-11-24 07:45:40 basehttp 2730 140609151026880 - "GET /static/rest_framework/js/ajax-form.js HTTP/1.1" 200 3597
[INFO] 2025-11-24 07:45:40 basehttp 2730 140609167812288 - "GET /static/rest_framework/js/bootstrap.min.js HTTP/1.1" 200 39680
[INFO] 2025-11-24 07:45:40 basehttp 2730 140609159419584 - "GET /static/rest_framework/js/default.js HTTP/1.1" 200 1268
[INFO] 2025-11-24 07:45:40 basehttp 2730 140609176204992 - "GET /static/rest_framework/js/prettify-min.js HTTP/1.1" 200 13632
[INFO] 2025-11-24 07:45:40 basehttp 2730 140609176204992 - "GET /static/rest_framework/img/grid.png HTTP/1.1" 200 1458
[WARNING] 2025-11-24 07:46:42 basehttp 2730 140609167812288 - "POST /api/auth/login/ HTTP/1.1" 400 5906
[WARNING] 2025-11-24 07:47:33 basehttp 2730 140609167812288 - "POST /api/auth/login/ HTTP/1.1" 400 5916
[INFO] 2025-11-24 07:51:28 autoreload 3594 140443696779520 - Watching for file changes with StatReloader
[WARNING] 2025-11-24 07:51:49 basehttp 3594 140443596617408 - "POST /api/auth/login/ HTTP/1.1" 401 5676
[WARNING] 2025-11-24 07:52:08 basehttp 3594 140443596617408 - "GET /api/companies/ HTTP/1.1" 404 3020
[INFO] 2025-11-24 07:54:48 autoreload 3849 139934066860288 - Watching for file changes with StatReloader
[WARNING] 2025-11-24 07:54:59 basehttp 3849 139933966661312 - "POST /api/core/companies/ HTTP/1.1" 401 58
[INFO] 2025-11-24 07:57:10 autoreload 4327 140442400071936 - Watching for file changes with StatReloader
[INFO] 2025-11-24 07:58:09 basehttp 4327 140442299528896 - "POST /api/auth/login/ HTTP/1.1" 200 1009
[WARNING] 2025-11-24 07:59:01 basehttp 4327 140442299528896 - "POST /api/core/companies/ HTTP/1.1" 405 41
[INFO] 2025-11-24 08:01:47 autoreload 4327 140442400071936 - /home/nethunter/Desktop/mahudgrp/config/core/views.py changed, reloading.
[INFO] 2025-11-24 08:01:48 autoreload 4508 139859209400576 - Watching for file changes with StatReloader
[INFO] 2025-11-24 08:02:13 autoreload 4508 139859209400576 - /home/nethunter/Desktop/mahudgrp/config/core/urls.py changed, reloading.
[INFO] 2025-11-24 08:02:13 autoreload 4560 140303870714112 - Watching for file changes with StatReloader
[WARNING] 2025-11-24 08:03:01 basehttp 4560 140303696656064 - "POST /api/core/companies/ HTTP/1.1" 405 41
[INFO] 2025-11-24 08:05:01 autoreload 4560 140303870714112 - /home/nethunter/Desktop/mahudgrp/config/core/urls.py changed, reloading.
[INFO] 2025-11-24 08:05:02 autoreload 4723 140645227172096 - Watching for file changes with StatReloader
[INFO] 2025-11-24 08:05:31 autoreload 4723 140645227172096 - /home/nethunter/Desktop/mahudgrp/config/core/views.py changed, reloading.
[INFO] 2025-11-24 08:05:32 autoreload 4764 140586406834432 - Watching for file changes with StatReloader
[WARNING] 2025-11-24 08:06:00 basehttp 4764 140586306762432 - "POST /api/core/companies/ HTTP/1.1" 403 46
[INFO] 2025-11-24 08:08:04 autoreload 5131 140381580988672 - Watching for file changes with StatReloader
[INFO] 2025-11-24 08:09:09 basehttp 5131 140381408720576 - "POST /api/auth/login/ HTTP/1.1" 200 1008
[WARNING] 2025-11-24 08:09:45 basehttp 5131 140381408720576 - "POST /api/core/companies/ HTTP/1.1" 400 51
[INFO] 2025-11-24 08:11:57 basehttp 5131 140381408720576 - "POST /api/core/companies/ HTTP/1.1" 201 388
[INFO] 2025-11-24 08:12:47 basehttp 5131 140381408720576 - "GET /api/core/companies/ HTTP/1.1" 200 4459
[INFO] 2025-11-24 08:13:40 basehttp 5131 140381408720576 - "GET /api/core/companies/ HTTP/1.1" 200 4459
[INFO] 2025-11-24 08:14:53 basehttp 5131 140381408720576 - "POST /api/auth/login/ HTTP/1.1" 200 1008
[INFO] 2025-11-24 08:15:22 basehttp 5131 140381408720576 - "GET /api/auth/check/ HTTP/1.1" 200 334
[INFO] 2025-11-24 08:16:54 basehttp 5131 140381408720576 - "POST /api/auth/password-reset/ HTTP/1.1" 200 88
[INFO] 2025-11-24 08:18:00 basehttp 5131 140381408720576 - "POST /api/auth/password-reset/confirm/ HTTP/1.1" 200 77
[INFO] 2025-11-24 08:18:19 basehttp 5131 140381400327872 - "POST /api/auth/login/ HTTP/1.1" 200 1008
[INFO] 2025-11-24 08:20:08 basehttp 5131 140381400327872 - "POST /api/auth/register/ HTTP/1.1" 201 466
[INFO] 2025-11-24 08:21:17 basehttp 5131 140381391935168 - "POST /api/auth/verify-email/ HTTP/1.1" 200 61
[INFO] 2025-11-24 08:21:50 basehttp 5131 140381391935168 - "POST /api/auth/login/ HTTP/1.1" 200 1092
[WARNING] 2025-11-24 08:22:31 basehttp 5131 140381391935168 - "GET /api/auth/check/ HTTP/1.1" 401 183
[INFO] 2025-11-24 08:23:36 basehttp 5131 140381400327872 - "GET /api/auth/check/ HTTP/1.1" 200 418
[INFO] 2025-11-24 08:26:25 basehttp 5131 140381400327872 - "POST /api/auth/logout/ HTTP/1.1" 200 31
[INFO] 2025-11-24 08:26:40 basehttp 5131 140381400327872 - "POST /api/auth/logout-all/ HTTP/1.1" 200 75
[WARNING] 2025-11-24 08:27:00 basehttp 5131 140381400327872 - "POST /api/auth/refresh/ HTTP/1.1" 401 44
[INFO] 2025-11-24 08:32:01 basehttp 5131 140381400327872 - "POST /api/auth/login/ HTTP/1.1" 200 1092
[WARNING] 2025-11-24 08:33:06 basehttp 5131 140381400327872 - "GET /api/companies/ HTTP/1.1" 404 3020
[WARNING] 2025-11-24 08:33:48 basehttp 5131 140381400327872 - "GET /api/companies/ HTTP/1.1" 404 3020
[WARNING] 2025-11-24 08:34:50 basehttp 5131 140381400327872 - "GET /api/companies/ HTTP/1.1" 404 3020
[INFO] 2025-11-24 08:37:33 basehttp 5131 140381400327872 - "GET /api/core/companies/ HTTP/1.1" 200 361
[INFO] 2025-11-24 08:37:48 basehttp 5131 140381400327872 - "GET /api/core/branches/ HTTP/1.1" 200 25
[INFO] 2025-11-24 08:38:02 basehttp 5131 140381400327872 - "GET /api/core/employers/ HTTP/1.1" 200 26
[WARNING] 2025-11-24 08:40:42 basehttp 5131 140381400327872 - "POST /api/core/branches/ HTTP/1.1" 405 41
[INFO] 2025-11-24 08:42:38 autoreload 5131 140381580988672 - /home/nethunter/Desktop/mahudgrp/config/core/views.py changed, reloading.
[INFO] 2025-11-24 08:42:39 autoreload 6407 140211730157824 - Watching for file changes with StatReloader
[WARNING] 2025-11-24 08:42:43 basehttp 6407 140211556185792 - "POST /api/core/branches/ HTTP/1.1" 403 57
[WARNING] 2025-11-24 08:45:47 basehttp 6407 140211556185792 - "POST /api/auth/login/ HTTP/1.1" 401 85
[WARNING] 2025-11-24 08:46:48 basehttp 6407 140211556185792 - "GET /api/auth/login/ HTTP/1.1" 405 5869
[INFO] 2025-11-24 08:46:48 basehttp 6407 140211556185792 - "GET /static/rest_framework/css/bootstrap.min.css HTTP/1.1" 304 0
[INFO] 2025-11-24 08:46:48 basehttp 6407 140211539400384 - "GET /static/rest_framework/css/default.css HTTP/1.1" 304 0
[INFO] 2025-11-24 08:46:48 basehttp 6407 140211531007680 - "GET /static/rest_framework/js/jquery-3.5.1.min.js HTTP/1.1" 304 0
[INFO] 2025-11-24 08:46:48 basehttp 6407 140211547793088 - "GET /static/rest_framework/css/prettify.css HTTP/1.1" 304 0
[INFO] 2025-11-24 08:46:48 basehttp 6407 140211556185792 - "GET /static/rest_framework/css/bootstrap-tweaks.css HTTP/1.1" 304 0
[INFO] 2025-11-24 08:46:48 basehttp 6407 140211539400384 - "GET /static/rest_framework/js/prettify-min.js HTTP/1.1" 304 0
[INFO] 2025-11-24 08:46:48 basehttp 6407 140211547793088 - "GET /static/rest_framework/js/bootstrap.min.js HTTP/1.1" 304 0
[INFO] 2025-11-24 08:46:48 basehttp 6407 140211531007680 - "GET /static/rest_framework/js/default.js HTTP/1.1" 304 0
[INFO] 2025-11-24 08:46:48 basehttp 6407 140211522614976 - "GET /static/rest_framework/js/ajax-form.js HTTP/1.1" 304 0
[INFO] 2025-11-24 08:46:48 basehttp 6407 140211514222272 - "GET /static/rest_framework/js/csrf.js HTTP/1.1" 304 0
[INFO] 2025-11-24 08:46:48 basehttp 6407 140211531007680 - "GET /static/rest_framework/img/grid.png HTTP/1.1" 304 0
[WARNING] 2025-11-24 08:46:48 basehttp 6407 140211531007680 - "GET /favicon.ico HTTP/1.1" 404 3011
[WARNING] 2025-11-24 08:47:28 basehttp 6407 140211505829568 - "POST /api/auth/login/ HTTP/1.1" 401 85
[INFO] 2025-11-24 08:49:06 autoreload 7074 140306184868096 - Watching for file changes with StatReloader
[INFO] 2025-11-24 08:50:09 basehttp 7074 140306085312192 - "POST /api/auth/login/ HTTP/1.1" 200 1009
[WARNING] 2025-11-24 08:50:51 basehttp 7074 140306085312192 - "POST /api/core/branches/ HTTP/1.1" 400 75
[INFO] 2025-11-24 08:51:30 basehttp 7074 140306085312192 - "POST /api/core/branches/ HTTP/1.1" 201 513
[WARNING] 2025-11-24 08:54:57 basehttp 7074 140306085312192 - "PUT /api/core/branches/c32208c2-c6e9-4af6-a002-2cab4cf4dbe3/ HTTP/1.1" 404 7006
[WARNING] 2025-11-24 08:55:42 basehttp 7074 140306085312192 - "PUT /api/core/branches/c32208c2-c6e9-4af6-a002-2cab4cf4dbe3/ HTTP/1.1" 404 7006
[WARNING] 2025-11-24 08:56:22 basehttp 7074 140306085312192 - "PUT /api/core/branches/c32208c2-c6e9-4af6-a002-2cab4cf4dbe3/ HTTP/1.1" 404 7006
[INFO] 2025-11-24 08:58:44 autoreload 7074 140306184868096 - /home/nethunter/Desktop/mahudgrp/config/core/views.py changed, reloading.
[INFO] 2025-11-24 08:58:45 autoreload 7419 140488649720064 - Watching for file changes with StatReloader
[INFO] 2025-11-24 08:59:14 autoreload 7419 140488649720064 - /home/nethunter/Desktop/mahudgrp/config/core/urls.py changed, reloading.
[INFO] 2025-11-24 08:59:15 autoreload 7472 140082311282944 - Watching for file changes with StatReloader
[INFO] 2025-11-24 09:00:49 basehttp 7472 140082210141888 - "PUT /api/core/branches/c32208c2-c6e9-4af6-a002-2cab4cf4dbe3/ HTTP/1.1" 200 521
[INFO] 2025-11-24 09:05:58 autoreload 7472 140082311282944 - /home/nethunter/Desktop/mahudgrp/config/core/views.py changed, reloading.
[INFO] 2025-11-24 09:05:59 autoreload 7710 140436561694976 - Watching for file changes with StatReloader
[INFO] 2025-11-24 09:06:40 autoreload 7710 140436561694976 - /home/nethunter/Desktop/mahudgrp/config/core/urls.py changed, reloading.
[INFO] 2025-11-24 09:06:41 autoreload 7754 140156326629632 - Watching for file changes with StatReloader
[INFO] 2025-11-24 09:34:05 autoreload 9314 139999847321856 - Watching for file changes with StatReloader
[INFO] 2025-11-24 09:59:17 autoreload 9314 139999847321856 - /home/nethunter/Desktop/mahudgrp/config/config/settings.py changed, reloading.
[INFO] 2025-11-24 09:59:18 autoreload 10308 140081159217408 - Watching for file changes with StatReloader
[INFO] 2025-11-24 10:04:14 autoreload 10308 140081159217408 - /home/nethunter/Desktop/mahudgrp/config/config/settings.py changed, reloading.
[INFO] 2025-11-24 10:04:15 autoreload 10980 139636247372032 - Watching for file changes with StatReloader
[INFO] 2025-11-24 10:04:20 autoreload 10980 139636247372032 - /home/nethunter/Desktop/mahudgrp/config/config/urls.py changed, reloading.
[INFO] 2025-11-24 10:04:20 autoreload 11008 140406876184832 - Watching for file changes with StatReloader
[INFO] 2025-11-24 10:07:53 autoreload 11008 140406876184832 - /home/nethunter/Desktop/mahudgrp/config/config/urls.py changed, reloading.
[INFO] 2025-11-24 10:07:54 autoreload 11322 139626286268672 - Watching for file changes with StatReloader
[INFO] 2025-11-24 10:11:17 autoreload 11322 139626286268672 - /home/nethunter/Desktop/mahudgrp/config/authentications/views.py changed, reloading.
[INFO] 2025-11-24 10:11:18 autoreload 11623 140140991410432 - Watching for file changes with StatReloader
[INFO] 2025-11-24 10:11:44 autoreload 11623 140140991410432 - /home/nethunter/Desktop/mahudgrp/config/core/views.py changed, reloading.
[INFO] 2025-11-24 10:11:45 autoreload 11701 139726367035648 - Watching for file changes with StatReloader
[INFO] 2025-11-24 10:13:53 autoreload 11701 139726367035648 - /home/nethunter/Desktop/mahudgrp/config/authentications/views.py changed, reloading.
[INFO] 2025-11-24 10:13:54 autoreload 11875 140586768634112 - Watching for file changes with StatReloader
[INFO] 2025-11-24 10:14:58 autoreload 11875 140586768634112 - /home/nethunter/Desktop/mahudgrp/config/core/views.py changed, reloading.
[INFO] 2025-11-24 10:15:00 autoreload 11988 140414611788032 - Watching for file changes with StatReloader
[INFO] 2025-11-24 10:18:46 autoreload 11988 140414611788032 - /home/nethunter/Desktop/mahudgrp/venv/lib/python3.13/site-packages/rest_framework/fields.py changed, reloading.
[INFO] 2025-11-24 10:18:47 autoreload 12389 139824374460672 - Watching for file changes with StatReloader
[INFO] 2025-11-24 10:22:23 autoreload 12389 139824374460672 - /home/nethunter/Desktop/mahudgrp/config/authentications/serializers.py changed, reloading.
[INFO] 2025-11-24 10:22:24 autoreload 12642 140503417880832 - Watching for file changes with StatReloader
[INFO] 2025-11-24 10:24:19 autoreload 12642 140503417880832 - /home/nethunter/Desktop/mahudgrp/config/authentications/serializers.py changed, reloading.
[INFO] 2025-11-24 10:24:20 autoreload 12858 139801959522560 - Watching for file changes with StatReloader
[INFO] 2025-11-24 10:29:55 autoreload 13152 139697574256896 - Watching for file changes with StatReloader
[INFO] 2025-11-24 10:29:58 basehttp 13152 139697472927424 - "GET / HTTP/1.1" 200 405
[WARNING] 2025-11-24 10:36:27 basehttp 13152 139697472927424 - "GET /api/auth/login/ HTTP/1.1" 405 5869
[WARNING] 2025-11-24 10:36:59 basehttp 13152 139697472927424 - "POST /api/auth/login/ HTTP/1.1" 401 5689
[INFO] 2025-11-24 10:36:59 basehttp 13152 139697472927424 - "GET /static/rest_framework/css/bootstrap.min.css HTTP/1.1" 304 0
[INFO] 2025-11-24 10:36:59 basehttp 13152 139697454044864 - "GET /static/rest_framework/css/prettify.css HTTP/1.1" 304 0
[INFO] 2025-11-24 10:36:59 basehttp 13152 139697445652160 - "GET /static/rest_framework/css/default.css HTTP/1.1" 304 0
[INFO] 2025-11-24 10:36:59 basehttp 13152 139697099634368 - "GET /static/rest_framework/js/jquery-3.5.1.min.js HTTP/1.1" 304 0
[INFO] 2025-11-24 10:36:59 basehttp 13152 139697464534720 - "GET /static/rest_framework/css/bootstrap-tweaks.css HTTP/1.1" 304 0
[INFO] 2025-11-24 10:36:59 basehttp 13152 139697091241664 - "GET /static/rest_framework/js/csrf.js HTTP/1.1" 304 0
[INFO] 2025-11-24 10:36:59 basehttp 13152 139697454044864 - "GET /static/rest_framework/js/ajax-form.js HTTP/1.1" 304 0
[INFO] 2025-11-24 10:36:59 basehttp 13152 139697445652160 - "GET /static/rest_framework/js/bootstrap.min.js HTTP/1.1" 304 0
[INFO] 2025-11-24 10:36:59 basehttp 13152 139697464534720 - "GET /static/rest_framework/js/default.js HTTP/1.1" 304 0
[INFO] 2025-11-24 10:36:59 basehttp 13152 139697099634368 - "GET /static/rest_framework/js/prettify-min.js HTTP/1.1" 304 0
[WARNING] 2025-11-24 10:38:05 basehttp 13152 139697099634368 - "POST /api/auth/login/ HTTP/1.1" 401 5689
[WARNING] 2025-11-24 10:39:06 basehttp 13152 139697099634368 - "POST /api/auth/login/ HTTP/1.1" 401 5689
[INFO] 2025-11-24 10:40:30 basehttp 13152 139697099634368 - "POST /api/auth/login/ HTTP/1.1" 200 7282
[WARNING] 2025-11-24 10:46:53 basehttp 13152 139697099634368 - "GET /api/auth/login/ HTTP/1.1" 405 5869
[INFO] 2025-11-24 10:46:53 basehttp 13152 139697099634368 - "GET /static/rest_framework/img/grid.png HTTP/1.1" 304 0
[INFO] 2025-11-24 10:47:15 basehttp 12858 139801789462208 - "GET /api/docs/ HTTP/1.1" 200 4659
[INFO] 2025-11-24 10:47:17 basehttp 12858 139801789462208 - "GET /api/schema/ HTTP/1.1" 200 138035
[INFO] 2025-11-24 10:54:10 autoreload 14693 140538112364800 - Watching for file changes with StatReloader
[INFO] 2025-11-24 10:54:14 basehttp 14693 140538009351872 - "GET /api/schema/ HTTP/1.1" 200 69242
[INFO] 2025-11-24 10:54:36 basehttp 14693 140538009351872 - "GET /api/redoc/ HTTP/1.1" 200 742
[WARNING] 2025-11-24 10:54:37 basehttp 14693 140538000959168 - "GET /favicon.ico HTTP/1.1" 404 3522
[INFO] 2025-11-24 10:54:37 basehttp 14693 140538009351872 - "GET /api/schema/ HTTP/1.1" 200 69242
[INFO] 2025-11-24 11:37:44 basehttp 14693 140538009351872 - "GET /api/schema/ HTTP/1.1" 200 69242
[WARNING] 2025-11-24 11:38:55 basehttp 13152 139697445652160 - "GET /api/auth/login/ HTTP/1.1" 405 5869
[INFO] 2025-11-24 11:57:55 autoreload 13152 139697574256896 - /home/nethunter/Desktop/mahudgrp/config/config/urls.py changed, reloading.
[INFO] 2025-11-24 11:57:56 autoreload 17821 140579155845376 - Watching for file changes with StatReloader
[INFO] 2025-11-24 11:58:01 autoreload 17821 140579155845376 - /home/nethunter/Desktop/mahudgrp/config/authentications/views.py changed, reloading.
[INFO] 2025-11-24 11:58:01 autoreload 17838 140364818219264 - Watching for file changes with StatReloader
[INFO] 2025-11-24 11:58:03 autoreload 17838 140364818219264 - /home/nethunter/Desktop/mahudgrp/config/core/views.py changed, reloading.
[INFO] 2025-11-24 11:58:04 autoreload 17855 140387305529600 - Watching for file changes with StatReloader
[INFO] 2025-11-24 11:58:08 autoreload 17855 140387305529600 - /home/nethunter/Desktop/mahudgrp/venv/lib/python3.13/site-packages/rest_framework/fields.py changed, reloading.
[INFO] 2025-11-24 11:58:09 autoreload 17876 139805111251200 - Watching for file changes with StatReloader
[INFO] 2025-11-24 11:58:27 autoreload 17876 139805111251200 - /home/nethunter/Desktop/mahudgrp/config/config/urls.py changed, reloading.
[INFO] 2025-11-24 11:58:27 autoreload 17943 140596261490944 - Watching for file changes with StatReloader
[INFO] 2025-11-24 11:59:10 autoreload 17943 140596261490944 - /home/nethunter/Desktop/mahudgrp/config/dashboards/__init__.py changed, reloading.
[INFO] 2025-11-24 11:59:10 autoreload 18029 140272271347968 - Watching for file changes with StatReloader
[INFO] 2025-11-24 11:59:24 autoreload 18029 140272271347968 - /home/nethunter/Desktop/mahudgrp/config/config/settings.py changed, reloading.
[INFO] 2025-11-24 11:59:25 autoreload 18085 140446722085120 - Watching for file changes with StatReloader
[INFO] 2025-11-24 12:00:26 autoreload 18085 140446722085120 - /home/nethunter/Desktop/mahudgrp/config/dashboards/apps.py changed, reloading.
[INFO] 2025-11-24 12:00:27 autoreload 18191 140610461286656 - Watching for file changes with StatReloader
[INFO] 2025-11-24 12:10:21 autoreload 18191 140610461286656 - /home/nethunter/Desktop/mahudgrp/config/dashboards/views.py changed, reloading.
[INFO] 2025-11-24 12:10:22 autoreload 18491 140436709830912 - Watching for file changes with StatReloader
[INFO] 2025-11-24 12:28:02 autoreload 18922 139673803018496 - Watching for file changes with StatReloader
[WARNING] 2025-11-24 12:28:12 basehttp 18491 140436607858368 - "GET /api/auth/login/ HTTP/1.1" 405 5869
[INFO] 2025-11-24 12:28:13 basehttp 18491 140436607858368 - "GET /static/rest_framework/css/bootstrap.min.css HTTP/1.1" 304 0
[INFO] 2025-11-24 12:28:13 basehttp 18491 140436607858368 - "GET /static/rest_framework/css/bootstrap-tweaks.css HTTP/1.1" 304 0
[INFO] 2025-11-24 12:28:13 basehttp 18491 140436599465664 - "GET /static/rest_framework/css/prettify.css HTTP/1.1" 304 0
[INFO] 2025-11-24 12:28:13 basehttp 18491 140436590024384 - "GET /static/rest_framework/css/default.css HTTP/1.1" 304 0
[INFO] 2025-11-24 12:28:13 basehttp 18491 140436599465664 - "GET /static/rest_framework/js/bootstrap.min.js HTTP/1.1" 304 0
[INFO] 2025-11-24 12:28:13 basehttp 18491 140436581631680 - "GET /static/rest_framework/js/jquery-3.5.1.min.js HTTP/1.1" 304 0
[INFO] 2025-11-24 12:28:13 basehttp 18491 140436590024384 - "GET /static/rest_framework/js/prettify-min.js HTTP/1.1" 304 0
[INFO] 2025-11-24 12:28:13 basehttp 18491 140436236662464 - "GET /static/rest_framework/js/ajax-form.js HTTP/1.1" 304 0
[INFO] 2025-11-24 12:28:13 basehttp 18491 140436228269760 - "GET /static/rest_framework/js/csrf.js HTTP/1.1" 304 0
[INFO] 2025-11-24 12:28:13 basehttp 18491 140436228269760 - "GET /static/rest_framework/js/default.js HTTP/1.1" 304 0
[INFO] 2025-11-24 12:28:13 basehttp 18491 140436228269760 - "GET /static/rest_framework/img/grid.png HTTP/1.1" 304 0
[INFO] 2025-11-24 12:38:21 basehttp 18491 140436228269760 - "POST /api/auth/login/ HTTP/1.1" 200 7282
[WARNING] 2025-11-24 12:38:48 basehttp 18491 140436228269760 - "GET /.well-known/appspecific/com.chrome.devtools.json HTTP/1.1" 404 3790
[INFO] 2025-11-24 12:38:48 basehttp 18491 140436228269760 - "GET /static/rest_framework/css/bootstrap.min.css.map HTTP/1.1" 200 540434
[ERROR] 2025-11-24 12:41:33 log 18491 140436590024384 - Internal Server Error: /api/dashboard/
Traceback (most recent call last):
  File "/home/nethunter/Desktop/mahudgrp/venv/lib/python3.13/site-packages/django/core/handlers/exception.py", line 55, in inner
    response = get_response(request)
  File "/home/nethunter/Desktop/mahudgrp/venv/lib/python3.13/site-packages/django/core/handlers/base.py", line 197, in _get_response
    response = wrapped_callback(request, *callback_args, **callback_kwargs)
  File "/home/nethunter/Desktop/mahudgrp/venv/lib/python3.13/site-packages/django/views/decorators/csrf.py", line 65, in _view_wrapper
    return view_func(request, *args, **kwargs)
  File "/home/nethunter/Desktop/mahudgrp/venv/lib/python3.13/site-packages/django/views/generic/base.py", line 105, in view
    return self.dispatch(request, *args, **kwargs)
           ~~~~~~~~~~~~~^^^^^^^^^^^^^^^^^^^^^^^^^^
  File "/home/nethunter/Desktop/mahudgrp/venv/lib/python3.13/site-packages/rest_framework/views.py", line 509, in dispatch
    response = self.handle_exception(exc)
  File "/home/nethunter/Desktop/mahudgrp/venv/lib/python3.13/site-packages/rest_framework/views.py", line 469, in handle_exception
    self.raise_uncaught_exception(exc)
    ~~~~~~~~~~~~~~~~~~~~~~~~~~~~~^^^^^
  File "/home/nethunter/Desktop/mahudgrp/venv/lib/python3.13/site-packages/rest_framework/views.py", line 480, in raise_uncaught_exception
    raise exc
  File "/home/nethunter/Desktop/mahudgrp/venv/lib/python3.13/site-packages/rest_framework/views.py", line 506, in dispatch
    response = handler(request, *args, **kwargs)
  File "/home/nethunter/Desktop/mahudgrp/venv/lib/python3.13/site-packages/rest_framework/decorators.py", line 50, in handler
    return func(*args, **kwargs)
  File "/home/nethunter/Desktop/mahudgrp/config/dashboards/views.py", line 41, in dashboard
    return hq_admin_dashboard(request)
  File "/home/nethunter/Desktop/mahudgrp/venv/lib/python3.13/site-packages/django/views/decorators/csrf.py", line 65, in _view_wrapper
    return view_func(request, *args, **kwargs)
  File "/home/nethunter/Desktop/mahudgrp/venv/lib/python3.13/site-packages/django/views/generic/base.py", line 105, in view
    return self.dispatch(request, *args, **kwargs)
           ~~~~~~~~~~~~~^^^^^^^^^^^^^^^^^^^^^^^^^^
  File "/home/nethunter/Desktop/mahudgrp/venv/lib/python3.13/site-packages/rest_framework/views.py", line 492, in dispatch
    request = self.initialize_request(request, *args, **kwargs)
  File "/home/nethunter/Desktop/mahudgrp/venv/lib/python3.13/site-packages/rest_framework/views.py", line 391, in initialize_request
    return Request(
        request,
    ...<3 lines>...
        parser_context=parser_context
    )
  File "/home/nethunter/Desktop/mahudgrp/venv/lib/python3.13/site-packages/rest_framework/request.py", line 154, in __init__
    assert isinstance(request, HttpRequest), (
           ~~~~~~~~~~^^^^^^^^^^^^^^^^^^^^^^
AssertionError: The `request` argument must be an instance of `django.http.HttpRequest`, not `rest_framework.request.Request`.
[ERROR] 2025-11-24 12:41:33 basehttp 18491 140436590024384 - "GET /api/dashboard/ HTTP/1.1" 500 132630
[ERROR] 2025-11-24 12:43:18 log 18491 140436599465664 - Internal Server Error: /api/dashboard/
Traceback (most recent call last):
  File "/home/nethunter/Desktop/mahudgrp/venv/lib/python3.13/site-packages/django/core/handlers/exception.py", line 55, in inner
    response = get_response(request)
  File "/home/nethunter/Desktop/mahudgrp/venv/lib/python3.13/site-packages/django/core/handlers/base.py", line 197, in _get_response
    response = wrapped_callback(request, *callback_args, **callback_kwargs)
  File "/home/nethunter/Desktop/mahudgrp/venv/lib/python3.13/site-packages/django/views/decorators/csrf.py", line 65, in _view_wrapper
    return view_func(request, *args, **kwargs)
  File "/home/nethunter/Desktop/mahudgrp/venv/lib/python3.13/site-packages/django/views/generic/base.py", line 105, in view
    return self.dispatch(request, *args, **kwargs)
           ~~~~~~~~~~~~~^^^^^^^^^^^^^^^^^^^^^^^^^^
  File "/home/nethunter/Desktop/mahudgrp/venv/lib/python3.13/site-packages/rest_framework/views.py", line 509, in dispatch
    response = self.handle_exception(exc)
  File "/home/nethunter/Desktop/mahudgrp/venv/lib/python3.13/site-packages/rest_framework/views.py", line 469, in handle_exception
    self.raise_uncaught_exception(exc)
    ~~~~~~~~~~~~~~~~~~~~~~~~~~~~~^^^^^
  File "/home/nethunter/Desktop/mahudgrp/venv/lib/python3.13/site-packages/rest_framework/views.py", line 480, in raise_uncaught_exception
    raise exc
  File "/home/nethunter/Desktop/mahudgrp/venv/lib/python3.13/site-packages/rest_framework/views.py", line 506, in dispatch
    response = handler(request, *args, **kwargs)
  File "/home/nethunter/Desktop/mahudgrp/venv/lib/python3.13/site-packages/rest_framework/decorators.py", line 50, in handler
    return func(*args, **kwargs)
  File "/home/nethunter/Desktop/mahudgrp/config/dashboards/views.py", line 41, in dashboard
    return hq_admin_dashboard(request)
  File "/home/nethunter/Desktop/mahudgrp/venv/lib/python3.13/site-packages/django/views/decorators/csrf.py", line 65, in _view_wrapper
    return view_func(request, *args, **kwargs)
  File "/home/nethunter/Desktop/mahudgrp/venv/lib/python3.13/site-packages/django/views/generic/base.py", line 105, in view
    return self.dispatch(request, *args, **kwargs)
           ~~~~~~~~~~~~~^^^^^^^^^^^^^^^^^^^^^^^^^^
  File "/home/nethunter/Desktop/mahudgrp/venv/lib/python3.13/site-packages/rest_framework/views.py", line 492, in dispatch
    request = self.initialize_request(request, *args, **kwargs)
  File "/home/nethunter/Desktop/mahudgrp/venv/lib/python3.13/site-packages/rest_framework/views.py", line 391, in initialize_request
    return Request(
        request,
    ...<3 lines>...
        parser_context=parser_context
    )
  File "/home/nethunter/Desktop/mahudgrp/venv/lib/python3.13/site-packages/rest_framework/request.py", line 154, in __init__
    assert isinstance(request, HttpRequest), (
           ~~~~~~~~~~^^^^^^^^^^^^^^^^^^^^^^
AssertionError: The `request` argument must be an instance of `django.http.HttpRequest`, not `rest_framework.request.Request`.
[ERROR] 2025-11-24 12:43:18 basehttp 18491 140436599465664 - "GET /api/dashboard/ HTTP/1.1" 500 132630
[INFO] 2025-11-24 13:02:30 autoreload 18491 140436709830912 - /home/nethunter/Desktop/mahudgrp/config/dashboards/urls.py changed, reloading.
[INFO] 2025-11-24 13:02:30 autoreload 18922 139673803018496 - /home/nethunter/Desktop/mahudgrp/config/dashboards/urls.py changed, reloading.
[INFO] 2025-11-24 13:02:31 autoreload 19966 140280770228480 - Watching for file changes with StatReloader
[INFO] 2025-11-24 13:02:31 autoreload 19967 140002137149696 - Watching for file changes with StatReloader
[INFO] 2025-11-24 13:05:14 autoreload 20126 139730190045440 - Watching for file changes with StatReloader
[ERROR] 2025-11-24 13:05:26 log 20126 139730087835328 - Internal Server Error: /api/dashboard/
Traceback (most recent call last):
  File "/home/nethunter/Desktop/mahudgrp/venv/lib/python3.13/site-packages/django/core/handlers/exception.py", line 55, in inner
    response = get_response(request)
  File "/home/nethunter/Desktop/mahudgrp/venv/lib/python3.13/site-packages/django/core/handlers/base.py", line 197, in _get_response
    response = wrapped_callback(request, *callback_args, **callback_kwargs)
  File "/home/nethunter/Desktop/mahudgrp/venv/lib/python3.13/site-packages/django/views/decorators/csrf.py", line 65, in _view_wrapper
    return view_func(request, *args, **kwargs)
  File "/home/nethunter/Desktop/mahudgrp/venv/lib/python3.13/site-packages/django/views/generic/base.py", line 105, in view
    return self.dispatch(request, *args, **kwargs)
           ~~~~~~~~~~~~~^^^^^^^^^^^^^^^^^^^^^^^^^^
  File "/home/nethunter/Desktop/mahudgrp/venv/lib/python3.13/site-packages/rest_framework/views.py", line 509, in dispatch
    response = self.handle_exception(exc)
  File "/home/nethunter/Desktop/mahudgrp/venv/lib/python3.13/site-packages/rest_framework/views.py", line 469, in handle_exception
    self.raise_uncaught_exception(exc)
    ~~~~~~~~~~~~~~~~~~~~~~~~~~~~~^^^^^
  File "/home/nethunter/Desktop/mahudgrp/venv/lib/python3.13/site-packages/rest_framework/views.py", line 480, in raise_uncaught_exception
    raise exc
  File "/home/nethunter/Desktop/mahudgrp/venv/lib/python3.13/site-packages/rest_framework/views.py", line 506, in dispatch
    response = handler(request, *args, **kwargs)
  File "/home/nethunter/Desktop/mahudgrp/venv/lib/python3.13/site-packages/rest_framework/decorators.py", line 50, in handler
    return func(*args, **kwargs)
  File "/home/nethunter/Desktop/mahudgrp/config/dashboards/views.py", line 41, in dashboard
    return hq_admin_dashboard(request)
  File "/home/nethunter/Desktop/mahudgrp/venv/lib/python3.13/site-packages/django/views/decorators/csrf.py", line 65, in _view_wrapper
    return view_func(request, *args, **kwargs)
  File "/home/nethunter/Desktop/mahudgrp/venv/lib/python3.13/site-packages/django/views/generic/base.py", line 105, in view
    return self.dispatch(request, *args, **kwargs)
           ~~~~~~~~~~~~~^^^^^^^^^^^^^^^^^^^^^^^^^^
  File "/home/nethunter/Desktop/mahudgrp/venv/lib/python3.13/site-packages/rest_framework/views.py", line 492, in dispatch
    request = self.initialize_request(request, *args, **kwargs)
  File "/home/nethunter/Desktop/mahudgrp/venv/lib/python3.13/site-packages/rest_framework/views.py", line 391, in initialize_request
    return Request(
        request,
    ...<3 lines>...
        parser_context=parser_context
    )
  File "/home/nethunter/Desktop/mahudgrp/venv/lib/python3.13/site-packages/rest_framework/request.py", line 154, in __init__
    assert isinstance(request, HttpRequest), (
           ~~~~~~~~~~^^^^^^^^^^^^^^^^^^^^^^
AssertionError: The `request` argument must be an instance of `django.http.HttpRequest`, not `rest_framework.request.Request`.
[ERROR] 2025-11-24 13:05:26 basehttp 20126 139730087835328 - "GET /api/dashboard/ HTTP/1.1" 500 132630
[INFO] 2025-11-24 14:06:04 autoreload 20126 139730190045440 - /home/nethunter/Desktop/mahudgrp/config/dashboards/views.py changed, reloading.
[INFO] 2025-11-24 14:06:05 autoreload 22091 139970060808448 - Watching for file changes with StatReloader
[INFO] 2025-11-24 14:06:59 autoreload 22091 139970060808448 - /home/nethunter/Desktop/mahudgrp/config/dashboards/views.py changed, reloading.
[INFO] 2025-11-24 14:07:00 autoreload 22194 140622778843392 - Watching for file changes with StatReloader
[WARNING] 2025-11-24 14:07:14 basehttp 22194 140622676620992 - "GET /api/dashboard/ HTTP/1.1" 401 183
[WARNING] 2025-11-24 14:07:44 basehttp 22194 140622676620992 - "GET /api/auth/login/ HTTP/1.1" 405 5869
[INFO] 2025-11-24 14:07:44 basehttp 22194 140622589585088 - "GET /static/rest_framework/css/prettify.css HTTP/1.1" 304 0
[INFO] 2025-11-24 14:07:44 basehttp 22194 140622581192384 - "GET /static/rest_framework/css/default.css HTTP/1.1" 304 0
[INFO] 2025-11-24 14:07:44 basehttp 22194 140622676620992 - "GET /static/rest_framework/css/bootstrap.min.css HTTP/1.1" 304 0
[INFO] 2025-11-24 14:07:44 basehttp 22194 140622572799680 - "GET /static/rest_framework/js/jquery-3.5.1.min.js HTTP/1.1" 304 0
[INFO] 2025-11-24 14:07:44 basehttp 22194 140622597977792 - "GET /static/rest_framework/css/bootstrap-tweaks.css HTTP/1.1" 304 0
[INFO] 2025-11-24 14:07:44 basehttp 22194 140622676620992 - "GET /static/rest_framework/js/bootstrap.min.js HTTP/1.1" 304 0
[INFO] 2025-11-24 14:07:44 basehttp 22194 140622572799680 - "GET /static/rest_framework/js/ajax-form.js HTTP/1.1" 304 0
[INFO] 2025-11-24 14:07:44 basehttp 22194 140622564406976 - "GET /static/rest_framework/js/default.js HTTP/1.1" 304 0
[INFO] 2025-11-24 14:07:44 basehttp 22194 140622581192384 - "GET /static/rest_framework/js/csrf.js HTTP/1.1" 304 0
[INFO] 2025-11-24 14:07:44 basehttp 22194 140622589585088 - "GET /static/rest_framework/js/prettify-min.js HTTP/1.1" 304 0
[INFO] 2025-11-24 14:07:44 basehttp 22194 140622572799680 - "GET /static/rest_framework/img/grid.png HTTP/1.1" 304 0
[INFO] 2025-11-24 14:14:00 basehttp 22194 140622676620992 - "GET /api/docs/ HTTP/1.1" 200 4659
[INFO] 2025-11-24 14:14:01 basehttp 22194 140622676620992 - "GET /api/schema/ HTTP/1.1" 200 142477
[INFO] 2025-11-24 14:25:23 autoreload 23284 139681971151104 - Watching for file changes with StatReloader
[INFO] 2025-11-24 14:26:10 autoreload 23430 140367366041856 - Watching for file changes with StatReloader
[INFO] 2025-11-24 14:26:18 basehttp 23430 140367264478912 - "POST /api/auth/login/ HTTP/1.1" 200 1009
[INFO] 2025-11-24 14:28:29 autoreload 23793 140430432088320 - Watching for file changes with StatReloader
[INFO] 2025-11-24 14:28:32 basehttp 23793 140430263973568 - "GET /api/docs/ HTTP/1.1" 200 4659
[INFO] 2025-11-24 14:28:33 basehttp 23793 140430263973568 - "GET /api/schema/ HTTP/1.1" 200 142477
[INFO] 2025-11-24 14:29:11 basehttp 23793 140430263973568 - "POST /api/auth/login/ HTTP/1.1" 200 1009
[WARNING] 2025-11-24 14:30:46 basehttp 23793 140430263973568 - "GET /api/auth/login-history/ HTTP/1.1" 401 58
[WARNING] 2025-11-24 14:31:13 basehttp 23793 140430255580864 - "GET /api/auth/login-history/ HTTP/1.1" 401 58
[INFO] 2025-11-24 14:34:05 basehttp 23793 140430263973568 - "GET /api/docs/ HTTP/1.1" 200 4659
[INFO] 2025-11-24 14:34:06 basehttp 23793 140430263973568 - "GET /api/schema/ HTTP/1.1" 200 142477
[INFO] 2025-11-24 14:35:42 autoreload 23793 140430432088320 - /home/nethunter/Desktop/mahudgrp/config/authentications/views.py changed, reloading.
[INFO] 2025-11-24 14:35:44 autoreload 24166 140662504026368 - Watching for file changes with StatReloader
[INFO] 2025-11-24 14:38:05 basehttp 24166 140662326425280 - "GET /api/auth/login-history/ HTTP/1.1" 200 1488
[INFO] 2025-11-24 14:38:27 basehttp 24166 140662326425280 - "GET /api/auth/profile/ HTTP/1.1" 200 547
[INFO] 2025-11-24 14:42:23 basehttp 24166 140662326425280 - "GET /api/auth/profile/ HTTP/1.1" 200 547
[INFO] 2025-11-24 14:44:39 autoreload 24166 140662504026368 - /home/nethunter/Desktop/mahudgrp/config/config/settings.py changed, reloading.
[INFO] 2025-11-24 14:44:40 autoreload 24899 139878105923840 - Watching for file changes with StatReloader
[INFO] 2025-11-24 14:47:56 autoreload 24899 139878105923840 - /home/nethunter/Desktop/mahudgrp/config/dashboards/views.py changed, reloading.
[INFO] 2025-11-24 14:47:57 autoreload 25257 140713024471296 - Watching for file changes with StatReloader
[INFO] 2025-11-24 14:49:53 autoreload 25257 140713024471296 - /home/nethunter/Desktop/mahudgrp/config/config/settings.py changed, reloading.
[INFO] 2025-11-24 14:49:54 autoreload 25417 140059666428160 - Watching for file changes with StatReloader
[INFO] 2025-11-24 15:02:18 autoreload 25417 140059666428160 - /home/nethunter/Desktop/mahudgrp/config/config/settings.py changed, reloading.
[INFO] 2025-11-24 15:02:19 autoreload 26286 139868212781312 - Watching for file changes with StatReloader
[INFO] 2025-11-24 15:06:57 autoreload 26286 139868212781312 - /home/nethunter/Desktop/mahudgrp/config/config/settings.py changed, reloading.
[INFO] 2025-11-24 15:06:58 autoreload 26569 140700180230400 - Watching for file changes with StatReloader
[INFO] 2025-11-24 15:08:45 autoreload 26569 140700180230400 - /home/nethunter/Desktop/mahudgrp/config/config/settings.py changed, reloading.
[INFO] 2025-11-24 15:08:47 autoreload 26781 140257378521344 - Watching for file changes with StatReloader
[INFO] 2025-11-24 15:08:49 autoreload 26781 140257378521344 - /home/nethunter/Desktop/mahudgrp/config/dashboards/views.py changed, reloading.
[INFO] 2025-11-24 15:08:50 autoreload 26821 140152242213120 - Watching for file changes with StatReloader
[INFO] 2025-11-24 15:08:57 basehttp 26821 140152139675328 - "GET /api/docs/ HTTP/1.1" 200 4659
[INFO] 2025-11-24 15:08:58 basehttp 26821 140152139675328 - "GET /api/schema/ HTTP/1.1" 200 149438
[WARNING] 2025-11-24 15:09:24 basehttp 26821 140152139675328 - "GET /api/auth/login-history/?limit=20 HTTP/1.1" 401 58
[WARNING] 2025-11-24 15:17:01 basehttp 26821 140152139675328 - "POST /api/auth/login/ HTTP/1.1" 401 85
[INFO] 2025-11-24 15:17:31 basehttp 26821 140152139675328 - "POST /api/auth/login/ HTTP/1.1" 200 1009
[INFO] 2025-11-24 15:18:05 basehttp 26821 140152139675328 - "GET /api/auth/login-history/?limit=20 HTTP/1.1" 200 1817
[INFO] 2025-11-24 15:19:06 basehttp 26821 140152139675328 - "POST /api/auth/password-reset/ HTTP/1.1" 200 88
[INFO] 2025-11-24 15:19:45 basehttp 26821 140152139675328 - "GET /api/auth/profile/ HTTP/1.1" 200 547
[INFO] 2025-11-24 15:20:38 basehttp 26821 140152139675328 - "GET /api/auth/sessions/ HTTP/1.1" 200 1770
[INFO] 2025-11-24 15:21:01 basehttp 26821 140152139675328 - "GET /api/core/branches/ HTTP/1.1" 200 4285
[INFO] 2025-11-24 15:21:55 basehttp 26821 140152139675328 - "GET /api/core/branches/9f8f3111-8f65-47b9-904b-25c069b47c79/ HTTP/1.1" 200 414
[WARNING] 2025-11-24 15:26:50 basehttp 26821 140152139675328 - "PUT /api/core/branches/9f8f3111-8f65-47b9-904b-25c069b47c79/ HTTP/1.1" 400 85
[INFO] 2025-11-24 15:27:40 basehttp 26821 140152139675328 - "PUT /api/core/branches/9f8f3111-8f65-47b9-904b-25c069b47c79/ HTTP/1.1" 200 483
[INFO] 2025-11-24 15:28:09 basehttp 26821 140152139675328 - "GET /api/core/candidates/ HTTP/1.1" 200 27
[WARNING] 2025-11-24 15:29:17 basehttp 26821 140152139675328 - "GET /api/dashboard/accountant/ HTTP/1.1" 400 39
[WARNING] 2025-11-24 15:46:27 basehttp 26821 140152139675328 - "GET /favicon.ico HTTP/1.1" 404 3679
[INFO] 2025-11-24 15:46:34 basehttp 26821 140152131282624 - "GET / HTTP/1.1" 200 405
[WARNING] 2025-11-24 15:56:05 basehttp 26821 140152139675328 - "GET /api/schema/?format=json&lang=af HTTP/1.1" 406 86
[WARNING] 2025-11-24 16:03:58 basehttp 26821 140152139675328 - "GET /favicon.ico HTTP/1.1" 404 3679
[INFO] 2025-11-24 16:03:59 basehttp 26821 140152131282624 - "GET /api/docs/ HTTP/1.1" 200 4659
[INFO] 2025-11-24 16:04:11 basehttp 26821 140152116946624 - "GET /api/schema/ HTTP/1.1" 200 149438
[INFO] 2025-11-24 16:06:11 basehttp 26821 140152108553920 - "GET /api/schema/ HTTP/1.1" 200 73670
[INFO] 2025-11-24 16:14:42 basehttp 26821 140152108553920 - "POST /api/auth/logout-all/ HTTP/1.1" 200 75
[INFO] 2025-11-24 16:16:59 basehttp 26821 140152108553920 - "GET /api/docs/ HTTP/1.1" 200 4659
[INFO] 2025-11-24 16:16:59 basehttp 26821 140152108553920 - "GET /api/schema/ HTTP/1.1" 200 149438
[INFO] 2025-11-24 16:17:40 basehttp 26821 140152108553920 - "POST /api/auth/login/ HTTP/1.1" 200 1009
[ERROR] 2025-11-24 16:18:22 log 26821 140152108553920 - Internal Server Error: /api/dashboard/
Traceback (most recent call last):
  File "/home/nethunter/Desktop/mahudgrp/venv/lib/python3.13/site-packages/django/core/handlers/exception.py", line 55, in inner
    response = get_response(request)
  File "/home/nethunter/Desktop/mahudgrp/venv/lib/python3.13/site-packages/django/core/handlers/base.py", line 197, in _get_response
    response = wrapped_callback(request, *callback_args, **callback_kwargs)
  File "/home/nethunter/Desktop/mahudgrp/venv/lib/python3.13/site-packages/django/views/decorators/csrf.py", line 65, in _view_wrapper
    return view_func(request, *args, **kwargs)
  File "/home/nethunter/Desktop/mahudgrp/venv/lib/python3.13/site-packages/django/views/generic/base.py", line 105, in view
    return self.dispatch(request, *args, **kwargs)
           ~~~~~~~~~~~~~^^^^^^^^^^^^^^^^^^^^^^^^^^
  File "/home/nethunter/Desktop/mahudgrp/venv/lib/python3.13/site-packages/rest_framework/views.py", line 509, in dispatch
    response = self.handle_exception(exc)
  File "/home/nethunter/Desktop/mahudgrp/venv/lib/python3.13/site-packages/rest_framework/views.py", line 469, in handle_exception
    self.raise_uncaught_exception(exc)
    ~~~~~~~~~~~~~~~~~~~~~~~~~~~~~^^^^^
  File "/home/nethunter/Desktop/mahudgrp/venv/lib/python3.13/site-packages/rest_framework/views.py", line 480, in raise_uncaught_exception
    raise exc
  File "/home/nethunter/Desktop/mahudgrp/venv/lib/python3.13/site-packages/rest_framework/views.py", line 506, in dispatch
    response = handler(request, *args, **kwargs)
  File "/home/nethunter/Desktop/mahudgrp/venv/lib/python3.13/site-packages/rest_framework/decorators.py", line 50, in handler
    return func(*args, **kwargs)
  File "/home/nethunter/Desktop/mahudgrp/config/dashboards/views.py", line 45, in dashboard
    return hq_admin_dashboard(request)
  File "/home/nethunter/Desktop/mahudgrp/venv/lib/python3.13/site-packages/django/views/decorators/csrf.py", line 65, in _view_wrapper
    return view_func(request, *args, **kwargs)
  File "/home/nethunter/Desktop/mahudgrp/venv/lib/python3.13/site-packages/django/views/generic/base.py", line 105, in view
    return self.dispatch(request, *args, **kwargs)
           ~~~~~~~~~~~~~^^^^^^^^^^^^^^^^^^^^^^^^^^
  File "/home/nethunter/Desktop/mahudgrp/venv/lib/python3.13/site-packages/rest_framework/views.py", line 492, in dispatch
    request = self.initialize_request(request, *args, **kwargs)
  File "/home/nethunter/Desktop/mahudgrp/venv/lib/python3.13/site-packages/rest_framework/views.py", line 391, in initialize_request
    return Request(
        request,
    ...<3 lines>...
        parser_context=parser_context
    )
  File "/home/nethunter/Desktop/mahudgrp/venv/lib/python3.13/site-packages/rest_framework/request.py", line 154, in __init__
    assert isinstance(request, HttpRequest), (
           ~~~~~~~~~~^^^^^^^^^^^^^^^^^^^^^^
AssertionError: The `request` argument must be an instance of `django.http.HttpRequest`, not `rest_framework.request.Request`.
[ERROR] 2025-11-24 16:18:22 basehttp 26821 140152108553920 - "GET /api/dashboard/ HTTP/1.1" 500 26122
[INFO] 2025-11-24 16:21:24 autoreload 26821 140152242213120 - /home/nethunter/Desktop/mahudgrp/config/dashboards/views.py changed, reloading.
[INFO] 2025-11-24 16:21:25 autoreload 30147 139905411514624 - Watching for file changes with StatReloader
[INFO] 2025-11-24 16:22:22 basehttp 30147 139905309079232 - "GET /api/docs/ HTTP/1.1" 200 4659
[INFO] 2025-11-24 16:22:23 basehttp 30147 139905309079232 - "GET /api/schema/ HTTP/1.1" 200 149438
[INFO] 2025-11-24 16:23:10 basehttp 30147 139905309079232 - "POST /api/auth/login/ HTTP/1.1" 200 1009
[INFO] 2025-11-24 16:27:13 basehttp 30147 139905309079232 - "GET /api/dashboard/ HTTP/1.1" 200 1664
[WARNING] 2025-11-24 16:27:30 basehttp 30147 139905300686528 - "GET /favicon.ico HTTP/1.1" 404 3679
[INFO] 2025-11-24 16:29:01 basehttp 30147 139905290196672 - "GET /api/docs/ HTTP/1.1" 200 4659
[INFO] 2025-11-24 16:29:20 basehttp 30147 139905290196672 - "GET /api/schema/ HTTP/1.1" 200 149438
[INFO] 2025-11-24 16:36:07 basehttp 30147 139905309079232 - "GET /api/docs/ HTTP/1.1" 200 4659
[INFO] 2025-11-24 16:36:08 basehttp 30147 139905309079232 - "GET /api/schema/ HTTP/1.1" 200 149438
[WARNING] 2025-11-24 16:37:23 basehttp 30147 139905309079232 - "POST /api/auth/login/ HTTP/1.1" 401 85
[INFO] 2025-11-24 16:37:52 basehttp 30147 139905309079232 - "POST /api/auth/login/ HTTP/1.1" 200 1009
[WARNING] 2025-11-24 16:39:22 basehttp 30147 139905309079232 - "POST /api/auth/login/ HTTP/1.1" 401 85
[INFO] 2025-11-24 16:39:35 basehttp 30147 139905309079232 - "POST /api/auth/login/ HTTP/1.1" 200 1009
[INFO] 2025-11-24 16:40:30 basehttp 30147 139905309079232 - "GET /api/auth/login-history/?limit=6 HTTP/1.1" 200 1997
[INFO] 2025-11-24 17:15:40 autoreload 30147 139905411514624 - /home/nethunter/Desktop/mahudgrp/config/authentications/models.py changed, reloading.
[INFO] 2025-11-24 17:15:40 autoreload 32357 140376524697856 - Watching for file changes with StatReloader
[INFO] 2025-11-25 08:53:06 autoreload 4276 139878090854656 - Watching for file changes with StatReloader
[INFO] 2025-11-25 08:53:24 basehttp 4276 139877988431552 - "GET / HTTP/1.1" 200 405
[WARNING] 2025-11-25 08:53:25 basehttp 4276 139877988431552 - "GET /favicon.ico HTTP/1.1" 404 3679
